0 info it worked if it ends with ok
1 verbose cli [ '/usr/bin/nodejs', '/usr/bin/npm', 'run', 'compile' ]
2 info using npm@3.10.10
3 info using node@v6.11.2
4 verbose run-script [ 'precompile', 'compile', 'postcompile' ]
5 info lifecycle kit-elec@1.0.0~precompile: kit-elec@1.0.0
6 silly lifecycle kit-elec@1.0.0~precompile: no script for precompile, continuing
7 info lifecycle kit-elec@1.0.0~compile: kit-elec@1.0.0
8 verbose lifecycle kit-elec@1.0.0~compile: unsafe-perm in lifecycle true
9 verbose lifecycle kit-elec@1.0.0~compile: PATH: /usr/lib/node_modules/npm/bin/node-gyp-bin:/home/ibl/Documents/infi/kit-elec/node_modules/.bin:/home/ibl/Documents/infi/kit-elec/node_modules/.bin:/home/ibl/.config/yarn/link/node_modules/.bin:/home/ibl/Documents/infi/kit-elec/node_modules/.bin:/home/ibl/.config/yarn/link/node_modules/.bin:/usr/lib/node_modules/npm/bin/node-gyp-bin:/usr/bin/node_modules/npm/bin/node-gyp-bin:/home/ibl/bin:/home/ibl/.local/bin:/usr/local/sbin:/usr/local/bin:/usr/sbin:/usr/bin:/sbin:/bin:/usr/games:/usr/local/games:/snap/bin
10 verbose lifecycle kit-elec@1.0.0~compile: CWD: /home/ibl/Documents/infi/kit-elec
11 silly lifecycle kit-elec@1.0.0~compile: Args: [ '-c', 'better-npm-run compile' ]
12 silly lifecycle kit-elec@1.0.0~compile: Returned: code: 1  signal: null
13 info lifecycle kit-elec@1.0.0~compile: Failed to exec compile script
14 verbose stack Error: kit-elec@1.0.0 compile: `better-npm-run compile`
14 verbose stack Exit status 1
14 verbose stack     at EventEmitter.<anonymous> (/usr/lib/node_modules/npm/lib/utils/lifecycle.js:255:16)
14 verbose stack     at emitTwo (events.js:106:13)
14 verbose stack     at EventEmitter.emit (events.js:191:7)
14 verbose stack     at ChildProcess.<anonymous> (/usr/lib/node_modules/npm/lib/utils/spawn.js:40:14)
14 verbose stack     at emitTwo (events.js:106:13)
14 verbose stack     at ChildProcess.emit (events.js:191:7)
14 verbose stack     at maybeClose (internal/child_process.js:891:16)
14 verbose stack     at Process.ChildProcess._handle.onexit (internal/child_process.js:226:5)
15 verbose pkgid kit-elec@1.0.0
16 verbose cwd /home/ibl/Documents/infi/kit-elec
17 error Linux 4.10.0-30-generic
18 error argv "/usr/bin/nodejs" "/usr/bin/npm" "run" "compile"
19 error node v6.11.2
20 error npm  v3.10.10
21 error code ELIFECYCLE
22 error kit-elec@1.0.0 compile: `better-npm-run compile`
22 error Exit status 1
23 error Failed at the kit-elec@1.0.0 compile script 'better-npm-run compile'.
23 error Make sure you have the latest version of node.js and npm installed.
23 error If you do, this is most likely a problem with the kit-elec package,
23 error not with npm itself.
23 error Tell the author that this fails on your system:
23 error     better-npm-run compile
23 error You can get information on how to open an issue for this project with:
23 error     npm bugs kit-elec
23 error Or if that isn't available, you can get their info via:
23 error     npm owner ls kit-elec
23 error There is likely additional logging output above.
24 verbose exit [ 1, true ]
